
ROM used: 117 (1%)
          117 (1%) including unused fragments

          0 Average locations per line
          8 Average locations per statement

RAM used: 10 (3%) at main() level
          11 (3%) worst case

Stack used: 1 worst case (out of 8 total available)

Lines Stmts  %   Files
----- ----- ---  -----
   28    14 100  timer_2.c
  326     0   0  ..\..\..\..\..\..\..\..\Program Files (x86)\PICC\devices\16f877a.h
----- -----
  354    14 Total

Page ROM  %  RAM   Vol Diff  Functions:
---- --- --- ---   --- ----  ----------
0     23  20   1             @delay_ms1
0     90  77   0   302  4.2  main

Program metrics:
    Functions               1
    Statements              14
    Comments                75
    Volume (V)              304
    Difficilty (D)          4.0
    Effort to implement (E) 1228
    Time to implement (T)   1 minutes
    Est Delivered Bugs (B)  0
    Cyclomatic Complexity   1
    Maintainability (MI)    136

 Segment     Used  Free
-----------  ----  ----
00000-00003     4  0  
00004-007FF   113  1931  
00800-00FFF     0  2048  
01000-017FF     0  2048  
01800-01FFF     0  2048  



