
ROM used: 943 (12%)
          943 (12%) including unused fragments

          1 Average locations per line
          7 Average locations per statement

RAM used: 14 (4%) at main() level
          39 (11%) worst case

Stack used: 2 worst case (out of 8 total available)

Lines Stmts  %   Files
----- ----- ---  -----
   35    16  12  adc_con_led.c
  326     0   0  ..\..\..\..\..\..\..\..\Program Files (x86)\PICC\devices\16f877a.h
   37     0   0  ..\..\..\..\..\..\..\..\Program Files (x86)\PICC\drivers\stdio.h
  409   121  88  ..\..\..\..\..\..\..\..\Program Files (x86)\PICC\drivers\string.h
   28     0   0  ..\..\..\..\..\..\..\..\Program Files (x86)\PICC\drivers\stddef.h
   28     0   0  ..\..\..\..\..\..\..\..\Program Files (x86)\PICC\drivers\ctype.h
----- -----
  863   137 Total

Page ROM  %  RAM   Vol Diff  Functions:
---- --- --- ---   --- ----  ----------
0     23   2   1             @delay_ms1
0    171  18   7   419  4.5  MAIN
0     31   3   2             @ITOF
0    117  12  13             @MULFF
0     15   2   0             @const171
0     80   8   4             @PSTRINGCN7_9600_62_63
0    120  13   9             @PRINTF_LD_9600_62_63
0     14   1   0             @const176
 Inline        5             @FTOSD
0     66   7  13             @DIV3232
0    237  25  13             @PRINTF_L32D_9600_62_63FPFPF
0     65   7  10             @FLT

Program metrics:
    Functions               1
    Statements              137
    Comments                257
    Volume (V)              441
    Difficilty (D)          3.5
    Effort to implement (E) 1531
    Time to implement (T)   1 minutes
    Est Delivered Bugs (B)  0
    Cyclomatic Complexity   1
    Maintainability (MI)    45

 Segment     Used  Free
-----------  ----  ----
00000-00003     4  0  
00004-007FF   939  1105  
00800-00FFF     0  2048  
01000-017FF     0  2048  
01800-01FFF     0  2048  



