
ROM used: 91 (1%)
          91 (1%) including unused fragments

          0 Average locations per line
          8 Average locations per statement

RAM used: 7 (2%) at main() level
          7 (2%) worst case

Stack used: 1 worst case (out of 8 total available)

Lines Stmts  %   Files
----- ----- ---  -----
   20    11 100  corrimiento.c
  326     0   0  ..\..\..\..\..\..\..\..\Program Files (x86)\PICC\devices\16f877a.h
----- -----
  346    11 Total

Page ROM  %  RAM   Vol Diff  Functions:
---- --- --- ---   --- ----  ----------
0     21  23   1             @delay_ms1
0     66  73   1   287  4.6  main

Program metrics:
    Functions               1
    Statements              11
    Comments                75
    Volume (V)              290
    Difficilty (D)          4.4
    Effort to implement (E) 1281
    Time to implement (T)   1 minutes
    Est Delivered Bugs (B)  0
    Cyclomatic Complexity   2
    Maintainability (MI)    140

 Segment     Used  Free
-----------  ----  ----
00000-00003     4  0  
00004-007FF    87  1957  
00800-00FFF     0  2048  
01000-017FF     0  2048  
01800-01FFF     0  2048  



