
ROM used: 854 (10%)
          854 (10%) including unused fragments

          1 Average locations per line
          7 Average locations per statement

RAM used: 14 (4%) at main() level
          39 (11%) worst case

Stack used: 2 worst case (out of 8 total available)

Lines Stmts  %   Files
----- ----- ---  -----
   26    10   8  adc_simple.c
  326     0   0  ..\..\..\..\..\..\..\..\Program Files (x86)\PICC\devices\16f877a.h
   37     0   0  ..\..\..\..\..\..\..\..\Program Files (x86)\PICC\drivers\stdio.h
  409   121  92  ..\..\..\..\..\..\..\..\Program Files (x86)\PICC\drivers\string.h
   28     0   0  ..\..\..\..\..\..\..\..\Program Files (x86)\PICC\drivers\stddef.h
   28     0   0  ..\..\..\..\..\..\..\..\Program Files (x86)\PICC\drivers\ctype.h
----- -----
  854   131 Total

Page ROM  %  RAM   Vol Diff  Functions:
---- --- --- ---   --- ----  ----------
0     23   3   1             @delay_ms1
0    147  17   7   262  3.0  MAIN
0     31   4   2             @ITOF
0    117  14  13             @MULFF
0     15   2   0             @const170
0     80   9   4             @PSTRINGCN7_9600_62_63
0    120  14   9             @PRINTF_LD_9600_62_63
0     14   2   0             @const175
 Inline        5             @FTOSD
0     66   8  13             @DIV3232
0    237  28  13             @PRINTF_L32D_9600_62_63FPFPF

Program metrics:
    Functions               1
    Statements              131
    Comments                257
    Volume (V)              280
    Difficilty (D)          2.2
    Effort to implement (E) 619
    Time to implement (T)   1 minutes
    Est Delivered Bugs (B)  0
    Cyclomatic Complexity   1
    Maintainability (MI)    48

 Segment     Used  Free
-----------  ----  ----
00000-00003     4  0  
00004-007FF   850  1194  
00800-00FFF     0  2048  
01000-017FF     0  2048  
01800-01FFF     0  2048  



