CCS PCM C Compiler, Version 4.104, 5967               14-may.-21 20:17

               Filename: C:\Users\yosaf\Desktop\Sexto\Instrumentacion\Segundo Parcial\Codigo\un_led\led.lst

               ROM used: 27 words (0%)
                         Largest free fragment is 2048
               RAM used: 5 (1%) at main() level
                         5 (1%) worst case
               Stack:    0 locations

*
0000:  MOVLW  00
0001:  MOVWF  0A
0002:  GOTO   004
0003:  NOP
.................... #INCLUDE <16f877a.h> 
.................... //////// Standard Header file for the PIC16F877A device //////////////// 
.................... #device PIC16F877A 
.................... #list 
....................  
.................... #USE DELAY (CLOCK = 4000000) 
.................... #FUSES XT, NOPROTECT, NOWDT 
.................... #DEFINE SW PORTA, 1 
.................... #DEFINE LED PORTB, 0 
.................... #BYTE PORTA = 5 
.................... #BYTE PORTB = 6 
....................  
.................... void main(){ 
0004:  CLRF   04
0005:  BCF    03.7
0006:  MOVLW  1F
0007:  ANDWF  03,F
0008:  BSF    03.5
0009:  BSF    1F.0
000A:  BSF    1F.1
000B:  BSF    1F.2
000C:  BCF    1F.3
000D:  MOVLW  07
000E:  MOVWF  1C
....................    Set_Tris_A(0b00000010); 
000F:  MOVLW  02
0010:  MOVWF  05
....................    Set_Tris_B(0b11111110); 
0011:  MOVLW  FE
0012:  MOVWF  06
....................     
....................    while (true){ 
....................       if (bit_test(SW)) { 
0013:  BCF    03.5
0014:  BTFSS  05.1
0015:  GOTO   018
....................          bit_set(LED); 
0016:  BSF    06.0
....................       } else { 
0017:  GOTO   019
....................          Bit_clear(LED); 
0018:  BCF    06.0
....................       } 
....................    } 
0019:  GOTO   014
.................... } 
001A:  SLEEP

Configuration Fuses:
   Word  1: 3F71   XT NOWDT PUT NODEBUG NOPROTECT BROWNOUT NOLVP NOCPD NOWRT
