
ROM used: 926 (11%)
          926 (11%) including unused fragments

          1 Average locations per line
          6 Average locations per statement

RAM used: 21 (6%) at main() level
          49 (13%) worst case

Stack used: 4 worst case (out of 8 total available)

Lines Stmts  %   Files
----- ----- ---  -----
   55    25  17  interrupcion_adc_doble.c
  326     0   0  ..\..\..\..\..\..\..\..\Program Files (x86)\PICC\devices\16f877a.h
   37     0   0  ..\..\..\..\..\..\..\..\Program Files (x86)\PICC\drivers\stdio.h
  409   121  83  ..\..\..\..\..\..\..\..\Program Files (x86)\PICC\drivers\string.h
   28     0   0  ..\..\..\..\..\..\..\..\Program Files (x86)\PICC\drivers\stddef.h
   28     0   0  ..\..\..\..\..\..\..\..\Program Files (x86)\PICC\drivers\ctype.h
----- -----
  883   146 Total

Page ROM  %  RAM   Vol Diff  Functions:
---- --- --- ---   --- ----  ----------
0    214  23   0   110  3.1  rds_isr
0     36   4   0    69  1.4  MAIN
0     30   3   0             @const169
0     40   4   2   158  2.7  @PSTRINGC_9600_62_63
 Inline        0   165  2.4  leersensor1
0     29   3   2             @ITOF
0    117  13  13             @MULFF
0     14   2   0             @const176
0     80   9   4   158  2.4  @PSTRINGCN7_9600_62_63
 Inline        5   142  2.3  @FTOSD
0     66   7  13   158  2.4  @DIV3232
0    235  25  13             @PRINTF_L32D_9600_62_63FPFPF
 Inline        0   165  2.4  leersensor2
0     16   2   0             @const187

Program metrics:
    Functions               8
    Statements              146
    Comments                257
    Volume (V)              1874
    Difficilty (D)          18.3
    Effort to implement (E) 34344
    Time to implement (T)   32 minutes
    Est Delivered Bugs (B)  0
    Cyclomatic Complexity   2
    Maintainability (MI)    126

 Segment     Used  Free
-----------  ----  ----
00000-00003     4  0  
00004-00030    45  0  
00031-007FF   877  1122  
00800-00FFF     0  2048  
01000-017FF     0  2048  
01800-01FFF     0  2048  



