
ROM used: 145 (2%)
          145 (2%) including unused fragments

          0 Average locations per line
          1 Average locations per statement

RAM used: 16 (4%) at main() level
          16 (4%) worst case

Stack used: 2 worst case (out of 8 total available)

Lines Stmts  %   Files
----- ----- ---  -----
   44    19  14  primero.c
  326     0   0  ..\..\..\..\..\..\..\..\Program Files (x86)\PICC\devices\16f877a.h
   37     0   0  ..\..\..\..\..\..\..\..\Program Files (x86)\PICC\drivers\stdio.h
  409   121  86  ..\..\..\..\..\..\..\..\Program Files (x86)\PICC\drivers\string.h
   28     0   0  ..\..\..\..\..\..\..\..\Program Files (x86)\PICC\drivers\stddef.h
   28     0   0  ..\..\..\..\..\..\..\..\Program Files (x86)\PICC\drivers\ctype.h
----- -----
  872   140 Total

Page ROM  %  RAM   Vol Diff  Functions:
---- --- --- ---   --- ----  ----------
0     23  16   1             @delay_ms1
0     20  14   0   147  3.8  rda_isr
0     53  37   1   236  3.6  MAIN

Program metrics:
    Functions               2
    Statements              140
    Comments                257
    Volume (V)              464
    Difficilty (D)          7.3
    Effort to implement (E) 3396
    Time to implement (T)   3 minutes
    Est Delivered Bugs (B)  0
    Cyclomatic Complexity   3
    Maintainability (MI)    25

 Segment     Used  Free
-----------  ----  ----
00000-00003     4  0  
00004-00030    45  0  
00031-007FF    96  1903  
00800-00FFF     0  2048  
01000-017FF     0  2048  
01800-01FFF     0  2048  



